<?xml version="1.0" encoding="UTF-8"?>
<!-- Generated by org.testng.reporters.JUnitReportReporter -->
<testsuite skipped="0" hostname="DESKTOP-A401D63" name="testingjenkins.jenkinsclass" tests="1" failures="0" timestamp="2020-09-09T14:07:45 EDT" time="13.991" errors="0">
  <testcase name="display" time="13.991" classname="testingjenkins.jenkinsclass"/>
  <system-out/>
</testsuite> <!-- testingjenkins.jenkinsclass -->
